SF:lib/cov_badge_gen.dart
DA:27,1
DA:37,1
DA:38,1
DA:41,1
DA:42,1
DA:43,1
DA:49,1
DA:55,1
DA:61,1
DA:68,1
DA:75,1
DA:82,1
DA:88,1
DA:94,1
DA:95,1
DA:96,1
DA:97,1
DA:98,1
DA:99,1
DA:100,1
DA:101,1
DA:102,2
DA:103,2
DA:107,1
DA:108,3
DA:109,2
DA:110,1
DA:111,0
DA:112,0
DA:114,4
DA:117,1
DA:118,1
DA:119,2
DA:122,1
DA:123,1
DA:126,1
DA:127,1
DA:128,2
DA:129,2
DA:132,1
DA:133,1
DA:134,2
DA:135,1
DA:136,2
DA:137,1
DA:138,4
DA:139,1
DA:140,4
DA:142,2
DA:143,1
DA:144,0
DA:146,3
DA:150,0
DA:151,0
DA:153,1
DA:156,1
DA:157,1
DA:158,2
DA:159,3
DA:162,1
DA:164,2
DA:165,0
DA:166,2
DA:167,0
DA:169,1
DA:184,1
DA:185,1
DA:190,1
DA:195,1
DA:196,2
DA:197,4
DA:198,1
DA:199,5
LF:73
LH:66
end_of_record
